<?xml version="1.0" encoding="UTF-8"?>
<testsuite name="com.askly.monu.askly.AsklyApplicationTests" tests="1" skipped="0" failures="0" errors="0" timestamp="2025-08-08T15:16:24.710Z" hostname="MONUDHAKAD" time="0.475">
  <properties/>
  <testcase name="contextLoads()" classname="com.askly.monu.askly.AsklyApplicationTests" time="0.475"/>
  <system-out><![CDATA[20:46:18.735 [Test worker] INFO org.springframework.test.context.support.AnnotationConfigContextLoaderUtils -- Could not detect default configuration classes for test class [com.askly.monu.askly.AsklyApplicationTests]: AsklyApplicationTests does not declare any static, non-private, non-final, nested classes annotated with @Configuration.
20:46:18.872 [Test worker] INFO org.springframework.boot.test.context.SpringBootTestContextBootstrapper -- Found @SpringBootConfiguration com.askly.monu.askly.AsklyApplication for test class com.askly.monu.askly.AsklyApplicationTests

  .   ____          _            __ _ _
 /\\ / ___'_ __ _ _(_)_ __  __ _ \ \ \ \
( ( )\___ | '_ | '_| | '_ \/ _` | \ \ \ \
 \\/  ___)| |_)| | | | | || (_| |  ) ) ) )
  '  |____| .__|_| |_|_| |_\__, | / / / /
 =========|_|==============|___/=/_/_/_/

 :: Spring Boot ::                (v3.5.4)

2025-08-08T20:46:19.420+05:30  INFO 14556 --- [Askly] [    Test worker] c.a.monu.askly.AsklyApplicationTests     : Starting AsklyApplicationTests using Java 17.0.15 with PID 14556 (started by monud in C:\Users\monud\Desktop\SpringBoot\Askly)
2025-08-08T20:46:19.422+05:30  INFO 14556 --- [Askly] [    Test worker] c.a.monu.askly.AsklyApplicationTests     : No active profile set, falling back to 1 default profile: "default"
2025-08-08T20:46:20.277+05:30  INFO 14556 --- [Askly] [    Test worker] .s.d.r.c.RepositoryConfigurationDelegate : Bootstrapping Spring Data JPA repositories in DEFAULT mode.
2025-08-08T20:46:20.352+05:30  INFO 14556 --- [Askly] [    Test worker] .s.d.r.c.RepositoryConfigurationDelegate : Finished Spring Data repository scanning in 66 ms. Found 5 JPA repository interfaces.
2025-08-08T20:46:20.847+05:30  INFO 14556 --- [Askly] [    Test worker] o.hibernate.jpa.internal.util.LogHelper  : HHH000204: Processing PersistenceUnitInfo [name: default]
2025-08-08T20:46:20.906+05:30  INFO 14556 --- [Askly] [    Test worker] org.hibernate.Version                    : HHH000412: Hibernate ORM core version 6.6.22.Final
2025-08-08T20:46:20.943+05:30  INFO 14556 --- [Askly] [    Test worker] o.h.c.internal.RegionFactoryInitiator    : HHH000026: Second-level cache disabled
2025-08-08T20:46:21.285+05:30  INFO 14556 --- [Askly] [    Test worker] o.s.o.j.p.SpringPersistenceUnitInfo      : No LoadTimeWeaver setup: ignoring JPA class transformer
2025-08-08T20:46:21.321+05:30  INFO 14556 --- [Askly] [    Test worker] com.zaxxer.hikari.HikariDataSource       : HikariPool-1 - Starting...
2025-08-08T20:46:21.763+05:30  INFO 14556 --- [Askly] [    Test worker] com.zaxxer.hikari.pool.HikariPool        : HikariPool-1 - Added connection com.mysql.cj.jdbc.ConnectionImpl@4a944af9
2025-08-08T20:46:21.767+05:30  INFO 14556 --- [Askly] [    Test worker] com.zaxxer.hikari.HikariDataSource       : HikariPool-1 - Start completed.
2025-08-08T20:46:21.858+05:30  INFO 14556 --- [Askly] [    Test worker] org.hibernate.orm.connections.pooling    : HHH10001005: Database info:
	Database JDBC URL [Connecting through datasource 'HikariDataSource (HikariPool-1)']
	Database driver: undefined/unknown
	Database version: 8.0.41
	Autocommit mode: undefined/unknown
	Isolation level: undefined/unknown
	Minimum pool size: undefined/unknown
	Maximum pool size: undefined/unknown
2025-08-08T20:46:22.917+05:30  INFO 14556 --- [Askly] [    Test worker] o.h.e.t.j.p.i.JtaPlatformInitiator       : HHH000489: No JTA platform available (set 'hibernate.transaction.jta.platform' to enable JTA platform integration)
2025-08-08T20:46:23.060+05:30  INFO 14556 --- [Askly] [    Test worker] j.LocalContainerEntityManagerFactoryBean : Initialized JPA EntityManagerFactory for persistence unit 'default'
2025-08-08T20:46:23.400+05:30  INFO 14556 --- [Askly] [    Test worker] o.s.d.j.r.query.QueryEnhancerFactory     : Hibernate is in classpath; If applicable, HQL parser will be used.
2025-08-08T20:46:24.203+05:30  WARN 14556 --- [Askly] [    Test worker] JpaBaseConfiguration$JpaWebConfiguration : spring.jpa.open-in-view is enabled by default. Therefore, database queries may be performed during view rendering. Explicitly configure spring.jpa.open-in-view to disable this warning
2025-08-08T20:46:24.690+05:30  INFO 14556 --- [Askly] [    Test worker] c.a.monu.askly.AsklyApplicationTests     : Started AsklyApplicationTests in 5.611 seconds (process running for 8.301)
]]></system-out>
  <system-err><![CDATA[]]></system-err>
</testsuite>
